<?xml version="1.0" encoding="UTF-8"?>
<testsuite xmlns:xsi="http://www.w3.org/2001/XMLSchema-instance" xsi:noNamespaceSchemaLocation="https://maven.apache.org/surefire/maven-surefire-plugin/xsd/surefire-test-report-3.0.xsd" version="3.0" name="com.fundoffice.demo.FundOffDemoApplicationTests" time="6.867" tests="1" errors="0" skipped="0" failures="0">
  <properties>
[...]
</properties>
  <testcase name="contextLoads" classname="com.fundoffice.demo.FundOffDemoApplicationTests" time="1.734">
    <system-out><![CDATA[12:26:03.759 [main] INFO org.springframework.test.context.support.AnnotationConfigContextLoaderUtils -- Could not detect default configuration classes for test class [com.fundoffice.demo.FundOffDemoApplicationTests]: FundOffDemoApplicationTests does not declare any static, non-private, non-final, nested classes annotated with @Configuration.
12:26:03.998 [main] INFO org.springframework.boot.test.context.SpringBootTestContextBootstrapper -- Found @SpringBootConfiguration com.fundoffice.FundOffDemoApplication for test class com.fundoffice.demo.FundOffDemoApplicationTests

  .   ____          _            __ _ _
 /\\ / ___'_ __ _ _(_)_ __  __ _ \ \ \ \
( ( )\___ | '_ | '_| | '_ \/ _` | \ \ \ \
 \\/  ___)| |_)| | | | | || (_| |  ) ) ) )
  '  |____| .__|_| |_|_| |_\__, | / / / /
 =========|_|==============|___/=/_/_/_/

 :: Spring Boot ::                (v3.3.1)

2024-07-19T12:26:04.748+05:30  INFO 9944 --- [fund_off_demo] [           main] c.f.demo.FundOffDemoApplicationTests     : Starting FundOffDemoApplicationTests using Java 17.0.6 with PID 9944 (started by LSIT175 in D:\wk5_drools\fund_off_demo)
2024-07-19T12:26:04.751+05:30  INFO 9944 --- [fund_off_demo] [           main] c.f.demo.FundOffDemoApplicationTests     : No active profile set, falling back to 1 default profile: "default"
.....RULES_ORDER_DISCOUNT_XLS..... 
ClassPathResource[path=rules/customer-rules.xlsx].....DroolsConfig: kieBuilder.getResults()..... 
2024-07-19T12:26:07.511+05:30  WARN 9944 --- [fund_off_demo] [           main] o.d.c.kie.builder.impl.KieProject        : No files found for KieBase defaultKieBase
Error Messages:
---
Warning Messages:
---
Info Messages:

[]
Error Messages:
---
Warning Messages:
---
Info Messages:

[]
org.default:artifact:1.0.0
[defaultKieBase]
org.drools.core.CompositeSessionConfiguration@67e0fd6d
2024-07-19T12:26:08.503+05:30  INFO 9944 --- [fund_off_demo] [           main] c.f.demo.FundOffDemoApplicationTests     : Started FundOffDemoApplicationTests in 4.233 seconds (process running for 6.751)
]]></system-out>
  </testcase>
</testsuite>